{"C:\\Users\\Курпаш\\Desktop\\dev\\stellar-burgers\\src\\services\\slices\\constructor-slice.ts": {"path":"C:\\Users\\Курпаш\\Desktop\\dev\\stellar-burgers\\src\\services\\slices\\constructor-slice.ts","all":false,"statementMap":{"0":{"start":{"line":1,"column":0},"end":{"line":1,"column":70}},"1":{"start":{"line":2,"column":0},"end":{"line":2,"column":67}},"2":{"start":{"line":3,"column":0},"end":{"line":3,"column":0}},"3":{"start":{"line":4,"column":0},"end":{"line":4,"column":33}},"4":{"start":{"line":5,"column":0},"end":{"line":5,"column":37}},"5":{"start":{"line":6,"column":0},"end":{"line":6,"column":40}},"6":{"start":{"line":7,"column":0},"end":{"line":7,"column":2}},"7":{"start":{"line":8,"column":0},"end":{"line":8,"column":0}},"8":{"start":{"line":9,"column":0},"end":{"line":9,"column":48}},"9":{"start":{"line":10,"column":0},"end":{"line":10,"column":12}},"10":{"start":{"line":11,"column":0},"end":{"line":11,"column":17}},"11":{"start":{"line":12,"column":0},"end":{"line":12,"column":2}},"12":{"start":{"line":13,"column":0},"end":{"line":13,"column":38}},"13":{"start":{"line":14,"column":0},"end":{"line":14,"column":28}},"14":{"start":{"line":15,"column":0},"end":{"line":15,"column":15}},"15":{"start":{"line":16,"column":0},"end":{"line":16,"column":13}},"16":{"start":{"line":17,"column":0},"end":{"line":17,"column":20}},"17":{"start":{"line":18,"column":0},"end":{"line":18,"column":79}},"18":{"start":{"line":19,"column":0},"end":{"line":19,"column":37}},"19":{"start":{"line":20,"column":0},"end":{"line":20,"column":30}},"20":{"start":{"line":21,"column":0},"end":{"line":21,"column":16}},"21":{"start":{"line":22,"column":0},"end":{"line":22,"column":42}},"22":{"start":{"line":23,"column":0},"end":{"line":23,"column":9}},"23":{"start":{"line":24,"column":0},"end":{"line":24,"column":8}},"24":{"start":{"line":25,"column":0},"end":{"line":25,"column":46}},"25":{"start":{"line":26,"column":0},"end":{"line":26,"column":48}},"26":{"start":{"line":27,"column":0},"end":{"line":27,"column":8}},"27":{"start":{"line":28,"column":0},"end":{"line":28,"column":6}},"28":{"start":{"line":29,"column":0},"end":{"line":29,"column":76}},"29":{"start":{"line":30,"column":0},"end":{"line":30,"column":51}},"30":{"start":{"line":31,"column":0},"end":{"line":31,"column":47}},"31":{"start":{"line":32,"column":0},"end":{"line":32,"column":8}},"32":{"start":{"line":33,"column":0},"end":{"line":33,"column":6}},"33":{"start":{"line":34,"column":0},"end":{"line":34,"column":21}},"34":{"start":{"line":35,"column":0},"end":{"line":35,"column":12}},"35":{"start":{"line":36,"column":0},"end":{"line":36,"column":64}},"36":{"start":{"line":37,"column":0},"end":{"line":37,"column":10}},"37":{"start":{"line":38,"column":0},"end":{"line":38,"column":48}},"38":{"start":{"line":39,"column":0},"end":{"line":39,"column":54}},"39":{"start":{"line":40,"column":0},"end":{"line":40,"column":0}},"40":{"start":{"line":41,"column":0},"end":{"line":41,"column":55}},"41":{"start":{"line":42,"column":0},"end":{"line":42,"column":0}},"42":{"start":{"line":43,"column":0},"end":{"line":43,"column":65}},"43":{"start":{"line":44,"column":0},"end":{"line":44,"column":63}},"44":{"start":{"line":45,"column":0},"end":{"line":45,"column":53}},"45":{"start":{"line":46,"column":0},"end":{"line":46,"column":7}},"46":{"start":{"line":47,"column":0},"end":{"line":47,"column":6}},"47":{"start":{"line":48,"column":0},"end":{"line":48,"column":29}},"48":{"start":{"line":49,"column":0},"end":{"line":49,"column":23}},"49":{"start":{"line":50,"column":0},"end":{"line":50,"column":29}},"50":{"start":{"line":51,"column":0},"end":{"line":51,"column":5}},"51":{"start":{"line":52,"column":0},"end":{"line":52,"column":4}},"52":{"start":{"line":53,"column":0},"end":{"line":53,"column":14}},"53":{"start":{"line":54,"column":0},"end":{"line":54,"column":44}},"54":{"start":{"line":55,"column":0},"end":{"line":55,"column":3}},"55":{"start":{"line":56,"column":0},"end":{"line":56,"column":3}},"56":{"start":{"line":57,"column":0},"end":{"line":57,"column":40}},"57":{"start":{"line":58,"column":0},"end":{"line":58,"column":69}},"58":{"start":{"line":59,"column":0},"end":{"line":59,"column":14}},"59":{"start":{"line":60,"column":0},"end":{"line":60,"column":16}},"60":{"start":{"line":61,"column":0},"end":{"line":61,"column":19}},"61":{"start":{"line":62,"column":0},"end":{"line":62,"column":17}},"62":{"start":{"line":63,"column":0},"end":{"line":63,"column":18}},"63":{"start":{"line":64,"column":0},"end":{"line":64,"column":29}}},"s":{"0":1,"1":1,"2":1,"3":1,"4":1,"5":1,"6":1,"7":1,"8":1,"9":1,"10":1,"11":1,"12":1,"13":1,"14":1,"15":1,"16":1,"17":1,"18":4,"19":2,"20":2,"21":2,"22":2,"23":1,"24":1,"25":1,"26":1,"27":1,"28":1,"29":1,"30":1,"31":1,"32":1,"33":1,"34":1,"35":1,"36":1,"37":1,"38":1,"39":1,"40":1,"41":1,"42":1,"43":1,"44":1,"45":1,"46":1,"47":1,"48":1,"49":1,"50":1,"51":1,"52":1,"53":1,"54":1,"55":1,"56":1,"57":1,"58":1,"59":1,"60":1,"61":1,"62":1,"63":1},"branchMap":{"0":{"type":"branch","line":18,"loc":{"start":{"line":18,"column":15},"end":{"line":24,"column":7}},"locations":[{"start":{"line":18,"column":15},"end":{"line":24,"column":7}}]},"1":{"type":"branch","line":19,"loc":{"start":{"line":19,"column":36},"end":{"line":23,"column":9}},"locations":[{"start":{"line":19,"column":36},"end":{"line":23,"column":9}}]},"2":{"type":"branch","line":25,"loc":{"start":{"line":25,"column":15},"end":{"line":25,"column":45}},"locations":[{"start":{"line":25,"column":15},"end":{"line":25,"column":45}}]},"3":{"type":"branch","line":29,"loc":{"start":{"line":29,"column":20},"end":{"line":33,"column":5}},"locations":[{"start":{"line":29,"column":20},"end":{"line":33,"column":5}}]},"4":{"type":"branch","line":31,"loc":{"start":{"line":31,"column":8},"end":{"line":31,"column":22}},"locations":[{"start":{"line":31,"column":8},"end":{"line":31,"column":22}}]},"5":{"type":"branch","line":34,"loc":{"start":{"line":34,"column":20},"end":{"line":47,"column":5}},"locations":[{"start":{"line":34,"column":20},"end":{"line":47,"column":5}}]},"6":{"type":"branch","line":41,"loc":{"start":{"line":41,"column":43},"end":{"line":41,"column":54}},"locations":[{"start":{"line":41,"column":43},"end":{"line":41,"column":54}}]},"7":{"type":"branch","line":48,"loc":{"start":{"line":48,"column":20},"end":{"line":51,"column":5}},"locations":[{"start":{"line":48,"column":20},"end":{"line":51,"column":5}}]}},"b":{"0":[4],"1":[2],"2":[4],"3":[1],"4":[2],"5":[1],"6":[0],"7":[1]},"fnMap":{"0":{"name":"reducer","decl":{"start":{"line":18,"column":15},"end":{"line":24,"column":7}},"loc":{"start":{"line":18,"column":15},"end":{"line":24,"column":7}},"line":18},"1":{"name":"prepare","decl":{"start":{"line":25,"column":15},"end":{"line":25,"column":45}},"loc":{"start":{"line":25,"column":15},"end":{"line":25,"column":45}},"line":25},"2":{"name":"removeIngredient","decl":{"start":{"line":29,"column":20},"end":{"line":33,"column":5}},"loc":{"start":{"line":29,"column":20},"end":{"line":33,"column":5}},"line":29},"3":{"name":"moveIngredient","decl":{"start":{"line":34,"column":20},"end":{"line":47,"column":5}},"loc":{"start":{"line":34,"column":20},"end":{"line":47,"column":5}},"line":34},"4":{"name":"resetConstructor","decl":{"start":{"line":48,"column":20},"end":{"line":51,"column":5}},"loc":{"start":{"line":48,"column":20},"end":{"line":51,"column":5}},"line":48},"5":{"name":"getConstructorSelector","decl":{"start":{"line":54,"column":28},"end":{"line":54,"column":44}},"loc":{"start":{"line":54,"column":28},"end":{"line":54,"column":44}},"line":54}},"f":{"0":4,"1":4,"2":1,"3":1,"4":1,"5":0}}
}
