TN:
SF:src\services\slices\constructor-slice.ts
FN:18,reducer
FN:25,prepare
FN:29,removeIngredient
FN:34,moveIngredient
FN:48,resetConstructor
FN:54,getConstructorSelector
FNF:6
FNH:5
FNDA:4,reducer
FNDA:4,prepare
FNDA:1,removeIngredient
FNDA:1,moveIngredient
FNDA:1,resetConstructor
FNDA:0,getConstructorSelector
DA:1,1
DA:2,1
DA:3,1
DA:4,1
DA:5,1
DA:6,1
DA:7,1
DA:8,1
DA:9,1
DA:10,1
DA:11,1
DA:12,1
DA:13,1
DA:14,1
DA:15,1
DA:16,1
DA:17,1
DA:18,1
DA:19,4
DA:20,2
DA:21,2
DA:22,2
DA:23,2
DA:24,1
DA:25,1
DA:26,1
DA:27,1
DA:28,1
DA:29,1
DA:30,1
DA:31,1
DA:32,1
DA:33,1
DA:34,1
DA:35,1
DA:36,1
DA:37,1
DA:38,1
DA:39,1
DA:40,1
DA:41,1
DA:42,1
DA:43,1
DA:44,1
DA:45,1
DA:46,1
DA:47,1
DA:48,1
DA:49,1
DA:50,1
DA:51,1
DA:52,1
DA:53,1
DA:54,1
DA:55,1
DA:56,1
DA:57,1
DA:58,1
DA:59,1
DA:60,1
DA:61,1
DA:62,1
DA:63,1
DA:64,1
LF:64
LH:64
BRDA:18,0,0,4
BRDA:19,1,0,2
BRDA:25,2,0,4
BRDA:29,3,0,1
BRDA:31,4,0,2
BRDA:34,5,0,1
BRDA:41,6,0,0
BRDA:48,7,0,1
BRF:8
BRH:7
end_of_record
